This file contains any messages produced by compilers while
running configure, to aid debugging if configure makes a mistake.

It was created by newlib configure 2.2.0, which was
generated by GNU Autoconf 2.68.  Invocation command line was

  $ ./configure --host=xtensa-lx106-elf --exec-prefix=/usr/local/xtensa-lx106-elf --with-newlib --enable-multilib --disable-newlib-io-c99-formats --enable-newlib-supplied-syscalls --enable-target-optspace --disable-option-checking --enable-newlib-nano-malloc --enable-newlib-nano-formatted-io --enable-newlib-reent-small

## --------- ##
## Platform. ##
## --------- ##

hostname = MacBook-Pro-de-JAUME-2.local
uname -m = x86_64
uname -r = 15.5.0
uname -s = Darwin
uname -v = Darwin Kernel Version 15.5.0: Tue Apr 19 18:36:36 PDT 2016; root:xnu-3248.50.21~8/RELEASE_X86_64

/usr/bin/uname -p = i386
/bin/uname -X     = unknown

/bin/arch              = unknown
/usr/bin/arch -k       = unknown
/usr/convex/getsysinfo = unknown
/usr/bin/hostinfo      = Mach kernel version:
	 Darwin Kernel Version 15.5.0: Tue Apr 19 18:36:36 PDT 2016; root:xnu-3248.50.21~8/RELEASE_X86_64
Kernel configured for up to 4 processors.
2 processors are physically available.
4 processors are logically available.
Processor type: x86_64h (Intel x86-64h Haswell)
Processors active: 0 1 2 3
Primary memory available: 8.00 gigabytes
Default processor set: 267 tasks, 1144 threads, 4 processors
Load average: 2.22, Mach factor: 1.77
/bin/machine           = unknown
/usr/bin/oslevel       = unknown
/bin/universe          = unknown

PATH: /usr/local/xtensa-lx106-elf/bin
PATH: /Users/jaumeolivepetrus/bin
PATH: /opt/local/bin
PATH: /opt/local/sbin
PATH: /usr/local/bin
PATH: /usr/bin
PATH: /bin
PATH: /usr/sbin
PATH: /sbin


## ----------- ##
## Core tests. ##
## ----------- ##

configure:2478: checking build system type
configure:2492: result: x86_64-apple-darwin15.5.0
configure:2512: checking host system type
configure:2525: result: xtensa-lx106-elf
configure:2561: checking for a BSD-compatible install
configure:2629: result: /usr/local/bin/ginstall -c
configure:2640: checking whether build environment is sane
configure:2690: result: yes
configure:2739: checking for xtensa-lx106-elf-strip
configure:2755: found /usr/local/xtensa-lx106-elf/bin/xtensa-lx106-elf-strip
configure:2766: result: xtensa-lx106-elf-strip
configure:2831: checking for a thread-safe mkdir -p
configure:2870: result: /usr/local/bin/gmkdir -p
configure:2883: checking for gawk
configure:2899: found /usr/local/bin/gawk
configure:2910: result: gawk
configure:2921: checking whether make sets $(MAKE)
configure:2943: result: yes
configure:2973: checking for style of include used by make
configure:3001: result: GNU
configure:3211: checking for gcc
configure:3227: found /usr/local/xtensa-lx106-elf/bin/gcc
configure:3238: result: gcc
configure:3249: checking dependency style of gcc
configure:3360: result: gcc3
configure:3433: checking whether we are using GNU C
configure:3444: gcc -E conftest.c
configure:3447: $? = 0
configure:3454: result: yes
configure:3463: checking whether gcc accepts -g
configure:3483: gcc -c -g  conftest.c >&5
configure:3483: $? = 0
configure: failed program was:
| /* confdefs.h */
| #define PACKAGE_NAME "newlib"
| #define PACKAGE_TARNAME "newlib"
| #define PACKAGE_VERSION "2.2.0"
| #define PACKAGE_STRING "newlib 2.2.0"
| #define PACKAGE_BUGREPORT ""
| #define PACKAGE_URL ""
| /* end confdefs.h.  */
| 
| int
| main ()
| {
| 
|   ;
|   return 0;
| }
configure:3498: gcc -c   conftest.c >&5
configure:3498: $? = 0
configure: failed program was:
| /* confdefs.h */
| #define PACKAGE_NAME "newlib"
| #define PACKAGE_TARNAME "newlib"
| #define PACKAGE_VERSION "2.2.0"
| #define PACKAGE_STRING "newlib 2.2.0"
| #define PACKAGE_BUGREPORT ""
| #define PACKAGE_URL ""
| /* end confdefs.h.  */
| 
| int
| main ()
| {
| 
|   ;
|   return 0;
| }
configure:3514: gcc -c -g  conftest.c >&5
configure:3514: $? = 0
configure: failed program was:
| /* confdefs.h */
| #define PACKAGE_NAME "newlib"
| #define PACKAGE_TARNAME "newlib"
| #define PACKAGE_VERSION "2.2.0"
| #define PACKAGE_STRING "newlib 2.2.0"
| #define PACKAGE_BUGREPORT ""
| #define PACKAGE_URL ""
| /* end confdefs.h.  */
| 
| int
| main ()
| {
| 
|   ;
|   return 0;
| }
configure:3524: result: no
configure:3557: checking for xtensa-lx106-elf-as
configure:3573: found /usr/local/xtensa-lx106-elf/bin/xtensa-lx106-elf-as
configure:3584: result: xtensa-lx106-elf-as
configure:3649: checking for xtensa-lx106-elf-ar
configure:3665: found /usr/local/xtensa-lx106-elf/bin/xtensa-lx106-elf-ar
configure:3676: result: xtensa-lx106-elf-ar
configure:3741: checking for xtensa-lx106-elf-ranlib
configure:3757: found /usr/local/xtensa-lx106-elf/bin/xtensa-lx106-elf-ranlib
configure:3768: result: xtensa-lx106-elf-ranlib
configure:3833: checking for xtensa-lx106-elf-readelf
configure:3849: found /usr/local/xtensa-lx106-elf/bin/xtensa-lx106-elf-readelf
configure:3860: result: xtensa-lx106-elf-readelf
configure:3929: checking whether to enable maintainer-specific portions of Makefiles
configure:3938: result: no
configure:4048: checking for a sed that does not truncate output
configure:4112: result: /usr/local/bin/sed
configure:4134: checking how to print strings
configure:4161: result: printf
configure:4186: checking for gawk
configure:4213: result: gawk
configure:12492: checking for .preinit_array/.init_array/.fini_array support
configure:12505: gcc -O2  -c -o conftest conftest.c
							1>&5
configure:12508: $? = 0
configure:12521: result: yes
configure:12532: checking if gcc accepts -fno-tree-loop-distribute-patterns with __attribute__ ((__optimize__))
configure:12546: gcc -O2  -c
			    -fno-tree-loop-distribute-patterns conftest.c
configure:12549: $? = 0
configure:12556: result: yes
configure:12564: checking whether long double type exists
configure:12584: gcc -O2  -c -o conftest.o conftest.c
							1>&5
configure:12587: $? = 0
configure:12596: result: yes
configure:12613: checking whether long double equals double
configure:12629: gcc -O2  -c -o conftest.o conftest.c
							1>&5
configure:12632: $? = 0
configure:12641: result: yes
configure:12651: checking whether uintptr_t equals unsigned long long
configure:12663: gcc -O2  -c -o conftest.o conftest.c
							1>&5
conftest.c:3:12: error: conflicting types for 'foo'
 extern int foo(unsigned long long);
            ^
conftest.c:2:12: note: previous declaration of 'foo' was here
 extern int foo(uintptr_t);
            ^
configure:12666: $? = 1
configure:12675: result: no
configure:12684: checking whether uintptr_t equals unsigned long
configure:12696: gcc -O2  -c -o conftest.o conftest.c
							1>&5
conftest.c:3:12: error: conflicting types for 'foo'
 extern int foo(unsigned long);
            ^
conftest.c:2:12: note: previous declaration of 'foo' was here
 extern int foo(uintptr_t);
            ^
configure:12699: $? = 1
configure:12708: result: no
configure:12901: creating ./config.status

## ---------------------- ##
## Running config.status. ##
## ---------------------- ##

This file was extended by newlib config.status 2.2.0, which was
generated by GNU Autoconf 2.68.  Invocation command line was

  CONFIG_FILES    = 
  CONFIG_HEADERS  = 
  CONFIG_LINKS    = 
  CONFIG_COMMANDS = 
  $ ./config.status 

on MacBook-Pro-de-JAUME-2.local

config.status:1141: creating Makefile
config.status:1141: creating newlib.h
config.status:1322: newlib.h is unchanged
config.status:1370: executing depfiles commands
configure:15220: === configuring in libc (/Users/jaumeolivepetrus/LuaOS/platform/esp8266/newlib/newlib/libc)
configure:15283: running /bin/sh ./configure --disable-option-checking '--prefix=/usr/local'  '--host=xtensa-lx106-elf' '--exec-prefix=/usr/local/xtensa-lx106-elf' '--with-newlib' '--enable-multilib' '--disable-newlib-io-c99-formats' '--enable-newlib-supplied-syscalls' '--enable-target-optspace' '--enable-newlib-nano-malloc' '--enable-newlib-nano-formatted-io' '--enable-newlib-reent-small' 'host_alias=xtensa-lx106-elf' --cache-file=/dev/null --srcdir=.
configure:15220: === configuring in libm (/Users/jaumeolivepetrus/LuaOS/platform/esp8266/newlib/newlib/libm)
configure:15283: running /bin/sh ./configure --disable-option-checking '--prefix=/usr/local'  '--host=xtensa-lx106-elf' '--exec-prefix=/usr/local/xtensa-lx106-elf' '--with-newlib' '--enable-multilib' '--disable-newlib-io-c99-formats' '--enable-newlib-supplied-syscalls' '--enable-target-optspace' '--enable-newlib-nano-malloc' '--enable-newlib-nano-formatted-io' '--enable-newlib-reent-small' 'host_alias=xtensa-lx106-elf' --cache-file=/dev/null --srcdir=.

## ---------------- ##
## Cache variables. ##
## ---------------- ##

ac_cv_build=x86_64-apple-darwin15.5.0
ac_cv_c_compiler_gnu=yes
ac_cv_env_CCASFLAGS_set=
ac_cv_env_CCASFLAGS_value=
ac_cv_env_CCAS_set=
ac_cv_env_CCAS_value=
ac_cv_env_CC_set=
ac_cv_env_CC_value=
ac_cv_env_CFLAGS_set=
ac_cv_env_CFLAGS_value=
ac_cv_env_CPPFLAGS_set=
ac_cv_env_CPPFLAGS_value=
ac_cv_env_CPP_set=
ac_cv_env_CPP_value=
ac_cv_env_LDFLAGS_set=
ac_cv_env_LDFLAGS_value=
ac_cv_env_LIBS_set=
ac_cv_env_LIBS_value=
ac_cv_env_build_alias_set=
ac_cv_env_build_alias_value=
ac_cv_env_host_alias_set=set
ac_cv_env_host_alias_value=xtensa-lx106-elf
ac_cv_env_target_alias_set=
ac_cv_env_target_alias_value=
ac_cv_host=xtensa-lx106-elf
ac_cv_path_SED=/usr/local/bin/sed
ac_cv_path_install='/usr/local/bin/ginstall -c'
ac_cv_path_mkdir=/usr/local/bin/gmkdir
ac_cv_prog_AR=xtensa-lx106-elf-ar
ac_cv_prog_AS=xtensa-lx106-elf-as
ac_cv_prog_AWK=gawk
ac_cv_prog_CC=gcc
ac_cv_prog_RANLIB=xtensa-lx106-elf-ranlib
ac_cv_prog_READELF=xtensa-lx106-elf-readelf
ac_cv_prog_STRIP=xtensa-lx106-elf-strip
ac_cv_prog_cc_g=no
ac_cv_prog_make_make_set=yes
acnewlib_cv_type_long_double=yes
am_cv_CC_dependencies_compiler_type=gcc3
libc_cv_cc_loop_to_function=yes
libc_cv_initfinit_array=yes
newlib_cv_ldbl_eq_dbl=yes
newlib_cv_uintptr_eq_ulong=no
newlib_cv_uintptr_eq_ulonglong=no

## ----------------- ##
## Output variables. ##
## ----------------- ##

ACLOCAL='${SHELL} /Users/jaumeolivepetrus/LuaOS/platform/esp8266/newlib/missing --run aclocal-1.11'
AMDEPBACKSLASH='\'
AMDEP_FALSE='#'
AMDEP_TRUE=''
AMTAR='$${TAR-tar}'
AR='xtensa-lx106-elf-ar'
AS='xtensa-lx106-elf-as'
AUTOCONF='${SHELL} /Users/jaumeolivepetrus/LuaOS/platform/esp8266/newlib/missing --run autoconf'
AUTOHEADER='${SHELL} /Users/jaumeolivepetrus/LuaOS/platform/esp8266/newlib/missing --run autoheader'
AUTOMAKE='${SHELL} /Users/jaumeolivepetrus/LuaOS/platform/esp8266/newlib/missing --run automake-1.11'
AWK='gawk'
CC='gcc'
CCAS='gcc'
CCASFLAGS='-O2'
CCDEPMODE='depmode=gcc3'
CC_FOR_BUILD='gcc'
CC_FOR_NEWLIB='gcc -I/Users/jaumeolivepetrus/LuaOS/platform/esp8266/newlib/newlib/targ-include -I/Users/jaumeolivepetrus/LuaOS/platform/esp8266/newlib/newlib/libc/include'
CFLAGS='-O2'
CPP=''
CPPFLAGS=''
CRT0='crt0.o'
CRT0_DIR='libc/'
CRT1=''
CRT1_DIR=''
CYGPATH_W='echo'
DEFS='-DHAVE_CONFIG_H'
DEPDIR='.deps'
DLLTOOL=''
DSYMUTIL=''
DUMPBIN=''
ECHO_C='\c'
ECHO_N=''
ECHO_T=''
EGREP=''
ELIX_LEVEL_0_FALSE='#'
ELIX_LEVEL_0_TRUE=''
ELIX_LEVEL_1_FALSE=''
ELIX_LEVEL_1_TRUE='#'
ELIX_LEVEL_2_FALSE=''
ELIX_LEVEL_2_TRUE='#'
ELIX_LEVEL_3_FALSE=''
ELIX_LEVEL_3_TRUE='#'
ELIX_LEVEL_4_FALSE=''
ELIX_LEVEL_4_TRUE='#'
EXEEXT=''
EXTRA_DIRS=''
FGREP=''
GREP=''
HAVE_DOC_FALSE=''
HAVE_DOC_TRUE='#'
HAVE_LONG_DOUBLE_FALSE='#'
HAVE_LONG_DOUBLE_TRUE=''
INSTALL_DATA='${INSTALL} -m 644'
INSTALL_PROGRAM='${INSTALL}'
INSTALL_SCRIPT='${INSTALL}'
INSTALL_STRIP_PROGRAM='$(install_sh) -c -s'
LD=''
LDFLAGS=''
LIBM_MACHINE_OBJECTLIST='libm/machine/xtensa/objectlist.awk.in'
LIBOBJS=''
LIBS=''
LIBTOOL=''
LIPO=''
LN_S=''
LTLIBOBJS=''
MACHINE_OBJECTLIST='libc/machine/xtensa/objectlist.awk.in'
MAINT='#'
MAINTAINER_MODE_FALSE=''
MAINTAINER_MODE_TRUE='#'
MAKEINFO='${SHELL} /Users/jaumeolivepetrus/LuaOS/platform/esp8266/newlib/missing --run makeinfo'
MAY_SUPPLY_SYSCALLS_FALSE='#'
MAY_SUPPLY_SYSCALLS_TRUE=''
MKDIR_P='/usr/local/bin/gmkdir -p'
NEWLIB_CFLAGS=' -Os -mlongcalls -DREENTRANT_SYSCALLS_PROVIDED -DREENTRANT_SYSCALLS_PROVIDED -DHAVE_RENAME_R -DHAVE_GETTIMEOFDAY -DSIGNAL_PROVIDED -DABORT_PROVIDED -D__OPTIMIZE_SIZE__ -DHAVE_BLKSIZE -I. -fno-builtin'
NEWLIB_HW_FP_FALSE=''
NEWLIB_HW_FP_TRUE='#'
NM=''
NMEDIT=''
NO_INCLUDE_LIST=' rpc/types.h rpc/xdr.h'
OBJDUMP=''
OBJEXT='o'
OTOOL64=''
OTOOL=''
PACKAGE='newlib'
PACKAGE_BUGREPORT=''
PACKAGE_NAME='newlib'
PACKAGE_STRING='newlib 2.2.0'
PACKAGE_TARNAME='newlib'
PACKAGE_URL=''
PACKAGE_VERSION='2.2.0'
PATH_SEPARATOR=':'
POSIX_OBJECTLIST=''
RANLIB='xtensa-lx106-elf-ranlib'
READELF='xtensa-lx106-elf-readelf'
SED='/usr/local/bin/sed'
SET_MAKE=''
SHELL='/bin/sh'
SIGNAL_OBJECTLIST='libc/signal/objectlist.awk.in'
STDIO64_OBJECTLIST=''
STRIP='xtensa-lx106-elf-strip'
SYSCALL_OBJECTLIST='libc/syscalls/objectlist.awk.in'
SYS_MACH_OBJECTLIST=''
SYS_OBJECTLIST='libc/sys/xtensa/objectlist.awk.in'
UNIX_OBJECTLIST=''
USE_LIBTOOL_FALSE=''
USE_LIBTOOL_TRUE='#'
VERSION='2.2.0'
ac_ct_CC=''
ac_ct_DUMPBIN=''
aext='a'
am__EXEEXT_FALSE=''
am__EXEEXT_TRUE='#'
am__fastdepCC_FALSE='#'
am__fastdepCC_TRUE=''
am__include='include'
am__isrc=''
am__leading_dot='.'
am__nodep='_no'
am__quote=''
am__tar='$${TAR-tar} chof - "$$tardir"'
am__untar='$${TAR-tar} xf -'
bindir='${exec_prefix}/bin'
build='x86_64-apple-darwin15.5.0'
build_alias=''
build_cpu='x86_64'
build_os='darwin15.5.0'
build_vendor='apple'
datadir='${datarootdir}'
datarootdir='${prefix}/share'
docdir='${datarootdir}/doc/${PACKAGE_TARNAME}'
dvidir='${docdir}'
exec_prefix='/usr/local/xtensa-lx106-elf'
host='xtensa-lx106-elf'
host_alias='xtensa-lx106-elf'
host_cpu='xtensa'
host_os='elf'
host_vendor='lx106'
htmldir='${docdir}'
includedir='${prefix}/include'
infodir='${datarootdir}/info'
install_sh='${SHELL} /Users/jaumeolivepetrus/LuaOS/platform/esp8266/newlib/install-sh'
libc_cv_cc_loop_to_function='yes'
libc_cv_initfinit_array='yes'
libdir='${exec_prefix}/lib'
libexecdir='${exec_prefix}/libexec'
libm_machine_dir='xtensa'
localedir='${datarootdir}/locale'
localstatedir='${prefix}/var'
lpfx='lib_a-'
machine_dir='xtensa'
mandir='${datarootdir}/man'
mkdir_p='/usr/local/bin/gmkdir -p'
newlib_basedir='./.'
oext='o'
oldincludedir='/usr/include'
pdfdir='${docdir}'
prefix='/usr/local'
program_transform_name='s,x,x,'
psdir='${docdir}'
sbindir='${exec_prefix}/sbin'
sharedstatedir='${prefix}/com'
subdirs=' libc libm'
sys_dir='xtensa'
sysconfdir='${prefix}/etc'
target_alias=''

## ----------- ##
## confdefs.h. ##
## ----------- ##

/* confdefs.h */
#define PACKAGE_NAME "newlib"
#define PACKAGE_TARNAME "newlib"
#define PACKAGE_VERSION "2.2.0"
#define PACKAGE_STRING "newlib 2.2.0"
#define PACKAGE_BUGREPORT ""
#define PACKAGE_URL ""
#define _WANT_REENT_SMALL 1
#define _MB_LEN_MAX 1
#define _NEWLIB_VERSION "2.2.0"
#define _ATEXIT_DYNAMIC_ALLOC 1
#define _FVWRITE_IN_STREAMIO 1
#define _FSEEK_OPTIMIZATION 1
#define _WIDE_ORIENT 1
#define _NANO_MALLOC 1
#define _UNBUF_STREAM_OPT 1
#define _NANO_FORMATTED_IO 1
#define HAVE_INITFINI_ARRAY 1
#define _HAVE_CC_INHIBIT_LOOP_TO_LIBCALL 1
#define _HAVE_LONG_DOUBLE 1
#define _LDBL_EQ_DBL 1

configure: exit 0
