This file contains any messages produced by compilers while
running configure, to aid debugging if configure makes a mistake.

It was created by newlib configure 2.2.0, which was
generated by GNU Autoconf 2.68.  Invocation command line was

  $ ./configure --disable-option-checking --prefix=/usr/local --host=xtensa-lx106-elf --exec-prefix=/usr/local/xtensa-lx106-elf --with-newlib --enable-multilib --disable-newlib-io-c99-formats --enable-newlib-supplied-syscalls --enable-target-optspace --enable-newlib-nano-malloc --enable-newlib-nano-formatted-io --enable-newlib-reent-small host_alias=xtensa-lx106-elf --cache-file=/dev/null --srcdir=.

## --------- ##
## Platform. ##
## --------- ##

hostname = MacBook-Pro-de-JAUME-2.local
uname -m = x86_64
uname -r = 15.5.0
uname -s = Darwin
uname -v = Darwin Kernel Version 15.5.0: Tue Apr 19 18:36:36 PDT 2016; root:xnu-3248.50.21~8/RELEASE_X86_64

/usr/bin/uname -p = i386
/bin/uname -X     = unknown

/bin/arch              = unknown
/usr/bin/arch -k       = unknown
/usr/convex/getsysinfo = unknown
/usr/bin/hostinfo      = Mach kernel version:
	 Darwin Kernel Version 15.5.0: Tue Apr 19 18:36:36 PDT 2016; root:xnu-3248.50.21~8/RELEASE_X86_64
Kernel configured for up to 4 processors.
2 processors are physically available.
4 processors are logically available.
Processor type: x86_64h (Intel x86-64h Haswell)
Processors active: 0 1 2 3
Primary memory available: 8.00 gigabytes
Default processor set: 268 tasks, 1172 threads, 4 processors
Load average: 4.60, Mach factor: 0.97
/bin/machine           = unknown
/usr/bin/oslevel       = unknown
/bin/universe          = unknown

PATH: /usr/local/xtensa-lx106-elf/bin
PATH: /Users/jaumeolivepetrus/bin
PATH: /opt/local/bin
PATH: /opt/local/sbin
PATH: /usr/local/bin
PATH: /usr/bin
PATH: /bin
PATH: /usr/sbin
PATH: /sbin


## ----------- ##
## Core tests. ##
## ----------- ##

configure:2179: checking build system type
configure:2193: result: x86_64-apple-darwin15.5.0
configure:2213: checking host system type
configure:2226: result: xtensa-lx106-elf
configure:2262: checking for a BSD-compatible install
configure:2330: result: /usr/local/bin/ginstall -c
configure:2341: checking whether build environment is sane
configure:2391: result: yes
configure:2440: checking for xtensa-lx106-elf-strip
configure:2456: found /usr/local/xtensa-lx106-elf/bin/xtensa-lx106-elf-strip
configure:2467: result: xtensa-lx106-elf-strip
configure:2532: checking for a thread-safe mkdir -p
configure:2571: result: /usr/local/bin/gmkdir -p
configure:2584: checking for gawk
configure:2600: found /usr/local/bin/gawk
configure:2611: result: gawk
configure:2622: checking whether make sets $(MAKE)
configure:2644: result: yes
configure:2674: checking for style of include used by make
configure:2702: result: GNU
configure:2912: checking for gcc
configure:2928: found /usr/local/xtensa-lx106-elf/bin/gcc
configure:2939: result: gcc
configure:2950: checking dependency style of gcc
configure:3061: result: gcc3
configure:3134: checking whether we are using GNU C
configure:3145: gcc -E conftest.c
configure:3148: $? = 0
configure:3155: result: yes
configure:3164: checking whether gcc accepts -g
configure:3184: gcc -c -g  conftest.c >&5
configure:3184: $? = 0
configure: failed program was:
| /* confdefs.h */
| #define PACKAGE_NAME "newlib"
| #define PACKAGE_TARNAME "newlib"
| #define PACKAGE_VERSION "2.2.0"
| #define PACKAGE_STRING "newlib 2.2.0"
| #define PACKAGE_BUGREPORT ""
| #define PACKAGE_URL ""
| /* end confdefs.h.  */
| 
| int
| main ()
| {
| 
|   ;
|   return 0;
| }
configure:3199: gcc -c   conftest.c >&5
configure:3199: $? = 0
configure: failed program was:
| /* confdefs.h */
| #define PACKAGE_NAME "newlib"
| #define PACKAGE_TARNAME "newlib"
| #define PACKAGE_VERSION "2.2.0"
| #define PACKAGE_STRING "newlib 2.2.0"
| #define PACKAGE_BUGREPORT ""
| #define PACKAGE_URL ""
| /* end confdefs.h.  */
| 
| int
| main ()
| {
| 
|   ;
|   return 0;
| }
configure:3215: gcc -c -g  conftest.c >&5
configure:3215: $? = 0
configure: failed program was:
| /* confdefs.h */
| #define PACKAGE_NAME "newlib"
| #define PACKAGE_TARNAME "newlib"
| #define PACKAGE_VERSION "2.2.0"
| #define PACKAGE_STRING "newlib 2.2.0"
| #define PACKAGE_BUGREPORT ""
| #define PACKAGE_URL ""
| /* end confdefs.h.  */
| 
| int
| main ()
| {
| 
|   ;
|   return 0;
| }
configure:3225: result: no
configure:3258: checking for xtensa-lx106-elf-as
configure:3274: found /usr/local/xtensa-lx106-elf/bin/xtensa-lx106-elf-as
configure:3285: result: xtensa-lx106-elf-as
configure:3350: checking for xtensa-lx106-elf-ar
configure:3366: found /usr/local/xtensa-lx106-elf/bin/xtensa-lx106-elf-ar
configure:3377: result: xtensa-lx106-elf-ar
configure:3442: checking for xtensa-lx106-elf-ranlib
configure:3458: found /usr/local/xtensa-lx106-elf/bin/xtensa-lx106-elf-ranlib
configure:3469: result: xtensa-lx106-elf-ranlib
configure:3534: checking for xtensa-lx106-elf-readelf
configure:3550: found /usr/local/xtensa-lx106-elf/bin/xtensa-lx106-elf-readelf
configure:3561: result: xtensa-lx106-elf-readelf
configure:3630: checking whether to enable maintainer-specific portions of Makefiles
configure:3639: result: no
configure:3749: checking for a sed that does not truncate output
configure:3813: result: /usr/local/bin/sed
configure:3835: checking how to print strings
configure:3862: result: printf
configure:12028: creating ./config.status

## ---------------------- ##
## Running config.status. ##
## ---------------------- ##

This file was extended by newlib config.status 2.2.0, which was
generated by GNU Autoconf 2.68.  Invocation command line was

  CONFIG_FILES    = 
  CONFIG_HEADERS  = 
  CONFIG_LINKS    = 
  CONFIG_COMMANDS = 
  $ ./config.status 

on MacBook-Pro-de-JAUME-2.local

config.status:1031: creating Makefile
config.status:1203: executing depfiles commands
configure:14147: === configuring in xtensa (/Users/jaumeolivepetrus/LuaOS/platform/esp8266/newlib/newlib/libm/machine/xtensa)
configure:14210: running /bin/sh ./configure --disable-option-checking '--prefix=/usr/local'  '--host=xtensa-lx106-elf' '--exec-prefix=/usr/local/xtensa-lx106-elf' '--with-newlib' '--enable-multilib' '--disable-newlib-io-c99-formats' '--enable-newlib-supplied-syscalls' '--enable-target-optspace' '--enable-newlib-nano-malloc' '--enable-newlib-nano-formatted-io' '--enable-newlib-reent-small' 'host_alias=xtensa-lx106-elf' --cache-file=/dev/null --srcdir=.

## ---------------- ##
## Cache variables. ##
## ---------------- ##

ac_cv_build=x86_64-apple-darwin15.5.0
ac_cv_c_compiler_gnu=yes
ac_cv_env_CCASFLAGS_set=
ac_cv_env_CCASFLAGS_value=
ac_cv_env_CCAS_set=
ac_cv_env_CCAS_value=
ac_cv_env_CC_set=
ac_cv_env_CC_value=
ac_cv_env_CFLAGS_set=
ac_cv_env_CFLAGS_value=
ac_cv_env_CPPFLAGS_set=
ac_cv_env_CPPFLAGS_value=
ac_cv_env_CPP_set=
ac_cv_env_CPP_value=
ac_cv_env_LDFLAGS_set=
ac_cv_env_LDFLAGS_value=
ac_cv_env_LIBS_set=
ac_cv_env_LIBS_value=
ac_cv_env_build_alias_set=
ac_cv_env_build_alias_value=
ac_cv_env_host_alias_set=set
ac_cv_env_host_alias_value=xtensa-lx106-elf
ac_cv_env_target_alias_set=
ac_cv_env_target_alias_value=
ac_cv_host=xtensa-lx106-elf
ac_cv_path_SED=/usr/local/bin/sed
ac_cv_path_install='/usr/local/bin/ginstall -c'
ac_cv_path_mkdir=/usr/local/bin/gmkdir
ac_cv_prog_AR=xtensa-lx106-elf-ar
ac_cv_prog_AS=xtensa-lx106-elf-as
ac_cv_prog_AWK=gawk
ac_cv_prog_CC=gcc
ac_cv_prog_RANLIB=xtensa-lx106-elf-ranlib
ac_cv_prog_READELF=xtensa-lx106-elf-readelf
ac_cv_prog_STRIP=xtensa-lx106-elf-strip
ac_cv_prog_cc_g=no
ac_cv_prog_make_make_set=yes
am_cv_CC_dependencies_compiler_type=gcc3

## ----------------- ##
## Output variables. ##
## ----------------- ##

ACLOCAL='${SHELL} /Users/jaumeolivepetrus/LuaOS/platform/esp8266/newlib/missing --run aclocal-1.11'
AMDEPBACKSLASH='\'
AMDEP_FALSE='#'
AMDEP_TRUE=''
AMTAR='$${TAR-tar}'
AR='xtensa-lx106-elf-ar'
AS='xtensa-lx106-elf-as'
AUTOCONF='${SHELL} /Users/jaumeolivepetrus/LuaOS/platform/esp8266/newlib/missing --run autoconf'
AUTOHEADER='${SHELL} /Users/jaumeolivepetrus/LuaOS/platform/esp8266/newlib/missing --run autoheader'
AUTOMAKE='${SHELL} /Users/jaumeolivepetrus/LuaOS/platform/esp8266/newlib/missing --run automake-1.11'
AWK='gawk'
CC='gcc'
CCAS='gcc'
CCASFLAGS='-O2'
CCDEPMODE='depmode=gcc3'
CFLAGS='-O2'
CPP=''
CPPFLAGS=''
CYGPATH_W='echo'
DEFS='-DPACKAGE_NAME=\"newlib\" -DPACKAGE_TARNAME=\"newlib\" -DPACKAGE_VERSION=\"2.2.0\" -DPACKAGE_STRING=\"newlib\ 2.2.0\" -DPACKAGE_BUGREPORT=\"\" -DPACKAGE_URL=\"\"'
DEPDIR='.deps'
DLLTOOL=''
DSYMUTIL=''
DUMPBIN=''
ECHO_C='\c'
ECHO_N=''
ECHO_T=''
EGREP=''
ELIX_LEVEL_0_FALSE='#'
ELIX_LEVEL_0_TRUE=''
ELIX_LEVEL_1_FALSE=''
ELIX_LEVEL_1_TRUE='#'
ELIX_LEVEL_2_FALSE=''
ELIX_LEVEL_2_TRUE='#'
ELIX_LEVEL_3_FALSE=''
ELIX_LEVEL_3_TRUE='#'
ELIX_LEVEL_4_FALSE=''
ELIX_LEVEL_4_TRUE='#'
EXEEXT=''
FGREP=''
GREP=''
HAVE_LIBM_MACHINE_DIR_FALSE='#'
HAVE_LIBM_MACHINE_DIR_TRUE=''
INSTALL_DATA='${INSTALL} -m 644'
INSTALL_PROGRAM='${INSTALL}'
INSTALL_SCRIPT='${INSTALL}'
INSTALL_STRIP_PROGRAM='$(install_sh) -c -s'
LD=''
LDFLAGS=''
LIBOBJS=''
LIBS=''
LIBTOOL=''
LIPO=''
LN_S=''
LTLIBOBJS=''
MAINT='#'
MAINTAINER_MODE_FALSE=''
MAINTAINER_MODE_TRUE='#'
MAKEINFO='${SHELL} /Users/jaumeolivepetrus/LuaOS/platform/esp8266/newlib/missing --run makeinfo'
MAY_SUPPLY_SYSCALLS_FALSE='#'
MAY_SUPPLY_SYSCALLS_TRUE=''
MKDIR_P='/usr/local/bin/gmkdir -p'
NEWLIB_CFLAGS=' -Os -mlongcalls -DREENTRANT_SYSCALLS_PROVIDED -DREENTRANT_SYSCALLS_PROVIDED -DHAVE_RENAME_R -DHAVE_GETTIMEOFDAY -DSIGNAL_PROVIDED -DABORT_PROVIDED -D__OPTIMIZE_SIZE__ -DHAVE_BLKSIZE -I. -fno-builtin'
NM=''
NMEDIT=''
NO_INCLUDE_LIST=' rpc/types.h rpc/xdr.h'
OBJDUMP=''
OBJEXT='o'
OTOOL64=''
OTOOL=''
PACKAGE='newlib'
PACKAGE_BUGREPORT=''
PACKAGE_NAME='newlib'
PACKAGE_STRING='newlib 2.2.0'
PACKAGE_TARNAME='newlib'
PACKAGE_URL=''
PACKAGE_VERSION='2.2.0'
PATH_SEPARATOR=':'
RANLIB='xtensa-lx106-elf-ranlib'
READELF='xtensa-lx106-elf-readelf'
SED='/usr/local/bin/sed'
SET_MAKE=''
SHELL='/bin/sh'
STRIP='xtensa-lx106-elf-strip'
USE_LIBTOOL_FALSE=''
USE_LIBTOOL_TRUE='#'
VERSION='2.2.0'
ac_ct_CC=''
ac_ct_DUMPBIN=''
aext='a'
am__EXEEXT_FALSE=''
am__EXEEXT_TRUE='#'
am__fastdepCC_FALSE='#'
am__fastdepCC_TRUE=''
am__include='include'
am__isrc=''
am__leading_dot='.'
am__nodep='_no'
am__quote=''
am__tar='$${TAR-tar} chof - "$$tardir"'
am__untar='$${TAR-tar} xf -'
bindir='${exec_prefix}/bin'
build='x86_64-apple-darwin15.5.0'
build_alias=''
build_cpu='x86_64'
build_os='darwin15.5.0'
build_vendor='apple'
datadir='${datarootdir}'
datarootdir='${prefix}/share'
docdir='${datarootdir}/doc/${PACKAGE_TARNAME}'
dvidir='${docdir}'
exec_prefix='/usr/local/xtensa-lx106-elf'
host='xtensa-lx106-elf'
host_alias='xtensa-lx106-elf'
host_cpu='xtensa'
host_os='elf'
host_vendor='lx106'
htmldir='${docdir}'
includedir='${prefix}/include'
infodir='${datarootdir}/info'
install_sh='${SHELL} /Users/jaumeolivepetrus/LuaOS/platform/esp8266/newlib/install-sh'
libdir='${exec_prefix}/lib'
libexecdir='${exec_prefix}/libexec'
libm_machine_dir='xtensa'
localedir='${datarootdir}/locale'
localstatedir='${prefix}/var'
lpfx='lib_a-'
machine_dir='xtensa'
machlib='xtensa/lib.a'
mandir='${datarootdir}/man'
mkdir_p='/usr/local/bin/gmkdir -p'
newlib_basedir='./../..'
oext='o'
oldincludedir='/usr/include'
pdfdir='${docdir}'
prefix='/usr/local'
program_transform_name='s,x,x,'
psdir='${docdir}'
sbindir='${exec_prefix}/sbin'
sharedstatedir='${prefix}/com'
subdirs=' xtensa'
sys_dir='xtensa'
sysconfdir='${prefix}/etc'
target_alias=''

## ----------- ##
## confdefs.h. ##
## ----------- ##

/* confdefs.h */
#define PACKAGE_NAME "newlib"
#define PACKAGE_TARNAME "newlib"
#define PACKAGE_VERSION "2.2.0"
#define PACKAGE_STRING "newlib 2.2.0"
#define PACKAGE_BUGREPORT ""
#define PACKAGE_URL ""

configure: exit 0
