This file contains any messages produced by compilers while
running configure, to aid debugging if configure makes a mistake.

It was created by newlib configure 2.2.0, which was
generated by GNU Autoconf 2.68.  Invocation command line was

  $ ./configure --disable-option-checking --prefix=/usr/local --host=xtensa-lx106-elf --exec-prefix=/usr/local/xtensa-lx106-elf --with-newlib --enable-multilib --disable-newlib-io-c99-formats --enable-newlib-supplied-syscalls --enable-target-optspace --enable-newlib-nano-malloc --enable-newlib-nano-formatted-io --enable-newlib-reent-small host_alias=xtensa-lx106-elf --cache-file=/dev/null --srcdir=.

## --------- ##
## Platform. ##
## --------- ##

hostname = MacBook-Pro-de-JAUME-2.local
uname -m = x86_64
uname -r = 15.5.0
uname -s = Darwin
uname -v = Darwin Kernel Version 15.5.0: Tue Apr 19 18:36:36 PDT 2016; root:xnu-3248.50.21~8/RELEASE_X86_64

/usr/bin/uname -p = i386
/bin/uname -X     = unknown

/bin/arch              = unknown
/usr/bin/arch -k       = unknown
/usr/convex/getsysinfo = unknown
/usr/bin/hostinfo      = Mach kernel version:
	 Darwin Kernel Version 15.5.0: Tue Apr 19 18:36:36 PDT 2016; root:xnu-3248.50.21~8/RELEASE_X86_64
Kernel configured for up to 4 processors.
2 processors are physically available.
4 processors are logically available.
Processor type: x86_64h (Intel x86-64h Haswell)
Processors active: 0 1 2 3
Primary memory available: 8.00 gigabytes
Default processor set: 268 tasks, 1169 threads, 4 processors
Load average: 3.44, Mach factor: 0.79
/bin/machine           = unknown
/usr/bin/oslevel       = unknown
/bin/universe          = unknown

PATH: /usr/local/xtensa-lx106-elf/bin
PATH: /Users/jaumeolivepetrus/bin
PATH: /opt/local/bin
PATH: /opt/local/sbin
PATH: /usr/local/bin
PATH: /usr/bin
PATH: /bin
PATH: /usr/sbin
PATH: /sbin


## ----------- ##
## Core tests. ##
## ----------- ##

configure:2260: checking build system type
configure:2274: result: x86_64-apple-darwin15.5.0
configure:2294: checking host system type
configure:2307: result: xtensa-lx106-elf
configure:2343: checking for a BSD-compatible install
configure:2411: result: /usr/local/bin/ginstall -c
configure:2422: checking whether build environment is sane
configure:2472: result: yes
configure:2521: checking for xtensa-lx106-elf-strip
configure:2537: found /usr/local/xtensa-lx106-elf/bin/xtensa-lx106-elf-strip
configure:2548: result: xtensa-lx106-elf-strip
configure:2613: checking for a thread-safe mkdir -p
configure:2652: result: /usr/local/bin/gmkdir -p
configure:2665: checking for gawk
configure:2681: found /usr/local/bin/gawk
configure:2692: result: gawk
configure:2703: checking whether make sets $(MAKE)
configure:2725: result: yes
configure:2755: checking for style of include used by make
configure:2783: result: GNU
configure:2993: checking for gcc
configure:3009: found /usr/local/xtensa-lx106-elf/bin/gcc
configure:3020: result: gcc
configure:3031: checking dependency style of gcc
configure:3142: result: gcc3
configure:3215: checking whether we are using GNU C
configure:3226: gcc -E conftest.c
configure:3229: $? = 0
configure:3236: result: yes
configure:3245: checking whether gcc accepts -g
configure:3265: gcc -c -g  conftest.c >&5
configure:3265: $? = 0
configure: failed program was:
| /* confdefs.h */
| #define PACKAGE_NAME "newlib"
| #define PACKAGE_TARNAME "newlib"
| #define PACKAGE_VERSION "2.2.0"
| #define PACKAGE_STRING "newlib 2.2.0"
| #define PACKAGE_BUGREPORT ""
| #define PACKAGE_URL ""
| /* end confdefs.h.  */
| 
| int
| main ()
| {
| 
|   ;
|   return 0;
| }
configure:3280: gcc -c   conftest.c >&5
configure:3280: $? = 0
configure: failed program was:
| /* confdefs.h */
| #define PACKAGE_NAME "newlib"
| #define PACKAGE_TARNAME "newlib"
| #define PACKAGE_VERSION "2.2.0"
| #define PACKAGE_STRING "newlib 2.2.0"
| #define PACKAGE_BUGREPORT ""
| #define PACKAGE_URL ""
| /* end confdefs.h.  */
| 
| int
| main ()
| {
| 
|   ;
|   return 0;
| }
configure:3296: gcc -c -g  conftest.c >&5
configure:3296: $? = 0
configure: failed program was:
| /* confdefs.h */
| #define PACKAGE_NAME "newlib"
| #define PACKAGE_TARNAME "newlib"
| #define PACKAGE_VERSION "2.2.0"
| #define PACKAGE_STRING "newlib 2.2.0"
| #define PACKAGE_BUGREPORT ""
| #define PACKAGE_URL ""
| /* end confdefs.h.  */
| 
| int
| main ()
| {
| 
|   ;
|   return 0;
| }
configure:3306: result: no
configure:3339: checking for xtensa-lx106-elf-as
configure:3355: found /usr/local/xtensa-lx106-elf/bin/xtensa-lx106-elf-as
configure:3366: result: xtensa-lx106-elf-as
configure:3431: checking for xtensa-lx106-elf-ar
configure:3447: found /usr/local/xtensa-lx106-elf/bin/xtensa-lx106-elf-ar
configure:3458: result: xtensa-lx106-elf-ar
configure:3523: checking for xtensa-lx106-elf-ranlib
configure:3539: found /usr/local/xtensa-lx106-elf/bin/xtensa-lx106-elf-ranlib
configure:3550: result: xtensa-lx106-elf-ranlib
configure:3615: checking for xtensa-lx106-elf-readelf
configure:3631: found /usr/local/xtensa-lx106-elf/bin/xtensa-lx106-elf-readelf
configure:3642: result: xtensa-lx106-elf-readelf
configure:3711: checking whether to enable maintainer-specific portions of Makefiles
configure:3720: result: no
configure:3839: checking for a sed that does not truncate output
configure:3903: result: /usr/local/bin/sed
configure:3925: checking how to print strings
configure:3952: result: printf
configure:12046: checking Checking long double support
configure:12058: gcc -O2  -c conftest.c 1>&5
configure:12061: $? = 0
configure:12070: result: yes
configure:12348: creating ./config.status

## ---------------------- ##
## Running config.status. ##
## ---------------------- ##

This file was extended by newlib config.status 2.2.0, which was
generated by GNU Autoconf 2.68.  Invocation command line was

  CONFIG_FILES    = 
  CONFIG_HEADERS  = 
  CONFIG_LINKS    = 
  CONFIG_COMMANDS = 
  $ ./config.status 

on MacBook-Pro-de-JAUME-2.local

config.status:1090: creating Makefile
config.status:1090: creating argz/Makefile
config.status:1090: creating ctype/Makefile
config.status:1090: creating errno/Makefile
config.status:1090: creating locale/Makefile
config.status:1090: creating misc/Makefile
config.status:1090: creating reent/Makefile
config.status:1090: creating search/Makefile
config.status:1090: creating stdio/Makefile
config.status:1090: creating stdio64/Makefile
config.status:1090: creating stdlib/Makefile
config.status:1090: creating string/Makefile
config.status:1090: creating time/Makefile
config.status:1090: creating posix/Makefile
config.status:1090: creating signal/Makefile
config.status:1090: creating syscalls/Makefile
config.status:1090: creating unix/Makefile
config.status:1090: creating iconv/Makefile
config.status:1090: creating iconv/ces/Makefile
config.status:1090: creating iconv/ccs/Makefile
config.status:1090: creating iconv/ccs/binary/Makefile
config.status:1090: creating iconv/lib/Makefile
config.status:1090: creating xdr/Makefile
config.status:1262: executing depfiles commands
configure:14489: === configuring in machine (/Users/jaumeolivepetrus/LuaOS/platform/esp8266/newlib/newlib/libc/machine)
configure:14552: running /bin/sh ./configure --disable-option-checking '--prefix=/usr/local'  '--host=xtensa-lx106-elf' '--exec-prefix=/usr/local/xtensa-lx106-elf' '--with-newlib' '--enable-multilib' '--disable-newlib-io-c99-formats' '--enable-newlib-supplied-syscalls' '--enable-target-optspace' '--enable-newlib-nano-malloc' '--enable-newlib-nano-formatted-io' '--enable-newlib-reent-small' 'host_alias=xtensa-lx106-elf' --cache-file=/dev/null --srcdir=.
configure:14489: === configuring in sys (/Users/jaumeolivepetrus/LuaOS/platform/esp8266/newlib/newlib/libc/sys)
configure:14552: running /bin/sh ./configure --disable-option-checking '--prefix=/usr/local'  '--host=xtensa-lx106-elf' '--exec-prefix=/usr/local/xtensa-lx106-elf' '--with-newlib' '--enable-multilib' '--disable-newlib-io-c99-formats' '--enable-newlib-supplied-syscalls' '--enable-target-optspace' '--enable-newlib-nano-malloc' '--enable-newlib-nano-formatted-io' '--enable-newlib-reent-small' 'host_alias=xtensa-lx106-elf' --cache-file=/dev/null --srcdir=.

## ---------------- ##
## Cache variables. ##
## ---------------- ##

ac_cv_build=x86_64-apple-darwin15.5.0
ac_cv_c_compiler_gnu=yes
ac_cv_env_CCASFLAGS_set=
ac_cv_env_CCASFLAGS_value=
ac_cv_env_CCAS_set=
ac_cv_env_CCAS_value=
ac_cv_env_CC_set=
ac_cv_env_CC_value=
ac_cv_env_CFLAGS_set=
ac_cv_env_CFLAGS_value=
ac_cv_env_CPPFLAGS_set=
ac_cv_env_CPPFLAGS_value=
ac_cv_env_CPP_set=
ac_cv_env_CPP_value=
ac_cv_env_LDFLAGS_set=
ac_cv_env_LDFLAGS_value=
ac_cv_env_LIBS_set=
ac_cv_env_LIBS_value=
ac_cv_env_build_alias_set=
ac_cv_env_build_alias_value=
ac_cv_env_host_alias_set=set
ac_cv_env_host_alias_value=xtensa-lx106-elf
ac_cv_env_target_alias_set=
ac_cv_env_target_alias_value=
ac_cv_host=xtensa-lx106-elf
ac_cv_path_SED=/usr/local/bin/sed
ac_cv_path_install='/usr/local/bin/ginstall -c'
ac_cv_path_mkdir=/usr/local/bin/gmkdir
ac_cv_prog_AR=xtensa-lx106-elf-ar
ac_cv_prog_AS=xtensa-lx106-elf-as
ac_cv_prog_AWK=gawk
ac_cv_prog_CC=gcc
ac_cv_prog_RANLIB=xtensa-lx106-elf-ranlib
ac_cv_prog_READELF=xtensa-lx106-elf-readelf
ac_cv_prog_STRIP=xtensa-lx106-elf-strip
ac_cv_prog_cc_g=no
ac_cv_prog_make_make_set=yes
acnewlib_cv_type_long_double=yes
am_cv_CC_dependencies_compiler_type=gcc3

## ----------------- ##
## Output variables. ##
## ----------------- ##

ACLOCAL='${SHELL} /Users/jaumeolivepetrus/LuaOS/platform/esp8266/newlib/missing --run aclocal-1.11'
AMDEPBACKSLASH='\'
AMDEP_FALSE='#'
AMDEP_TRUE=''
AMTAR='$${TAR-tar}'
AR='xtensa-lx106-elf-ar'
AS='xtensa-lx106-elf-as'
AUTOCONF='${SHELL} /Users/jaumeolivepetrus/LuaOS/platform/esp8266/newlib/missing --run autoconf'
AUTOHEADER='${SHELL} /Users/jaumeolivepetrus/LuaOS/platform/esp8266/newlib/missing --run autoheader'
AUTOMAKE='${SHELL} /Users/jaumeolivepetrus/LuaOS/platform/esp8266/newlib/missing --run automake-1.11'
AWK='gawk'
CC='gcc'
CCAS='gcc'
CCASFLAGS='-O2'
CCDEPMODE='depmode=gcc3'
CFLAGS='-O2'
CPP=''
CPPFLAGS=''
CRT0='crt0.o'
CYGPATH_W='echo'
DEFS='-DPACKAGE_NAME=\"newlib\" -DPACKAGE_TARNAME=\"newlib\" -DPACKAGE_VERSION=\"2.2.0\" -DPACKAGE_STRING=\"newlib\ 2.2.0\" -DPACKAGE_BUGREPORT=\"\" -DPACKAGE_URL=\"\"'
DEPDIR='.deps'
DLLTOOL=''
DSYMUTIL=''
DUMPBIN=''
ECHO_C='\c'
ECHO_N=''
ECHO_T=''
EGREP=''
ELIX_LEVEL_0_FALSE='#'
ELIX_LEVEL_0_TRUE=''
ELIX_LEVEL_1_FALSE=''
ELIX_LEVEL_1_TRUE='#'
ELIX_LEVEL_2_FALSE=''
ELIX_LEVEL_2_TRUE='#'
ELIX_LEVEL_3_FALSE=''
ELIX_LEVEL_3_TRUE='#'
ELIX_LEVEL_4_FALSE=''
ELIX_LEVEL_4_TRUE='#'
ENABLE_NEWLIB_ICONV_FALSE=''
ENABLE_NEWLIB_ICONV_TRUE='#'
EXEEXT=''
FGREP=''
GREP=''
HAVE_LONG_DOUBLE_FALSE='#'
HAVE_LONG_DOUBLE_TRUE=''
HAVE_POSIX_DIR_FALSE=''
HAVE_POSIX_DIR_TRUE='#'
HAVE_SIGNAL_DIR_FALSE='#'
HAVE_SIGNAL_DIR_TRUE=''
HAVE_STDIO64_DIR_FALSE=''
HAVE_STDIO64_DIR_TRUE='#'
HAVE_STDIO_DIR_FALSE='#'
HAVE_STDIO_DIR_TRUE=''
HAVE_SYSCALL_DIR_FALSE='#'
HAVE_SYSCALL_DIR_TRUE=''
HAVE_UNIX_DIR_FALSE=''
HAVE_UNIX_DIR_TRUE='#'
HAVE_XDR_DIR_FALSE=''
HAVE_XDR_DIR_TRUE='#'
INSTALL_DATA='${INSTALL} -m 644'
INSTALL_PROGRAM='${INSTALL}'
INSTALL_SCRIPT='${INSTALL}'
INSTALL_STRIP_PROGRAM='$(install_sh) -c -s'
LD=''
LDFLAGS=''
LIBC_EXTRA_DEF=''
LIBC_EXTRA_LIB=''
LIBC_MACHINE_LIB='machine/lib.a'
LIBC_POSIX_DEF=''
LIBC_POSIX_LIB=''
LIBC_SIGNAL_DEF='signal/stmp-def'
LIBC_SIGNAL_LIB='signal/lib.a'
LIBC_STDIO64_DEF=''
LIBC_STDIO64_LIB=''
LIBC_STDIO_DEF='stdio/stmp-def'
LIBC_STDIO_LIB='stdio/lib.a'
LIBC_SYSCALL_LIB='syscalls/lib.a'
LIBC_SYS_LIB='sys/lib.a'
LIBC_UNIX_LIB=''
LIBC_XDR_DEF=''
LIBC_XDR_LIB=''
LIBOBJS=''
LIBS=''
LIBTOOL=''
LIPO=''
LN_S=''
LTLIBOBJS=''
MAINT='#'
MAINTAINER_MODE_FALSE=''
MAINTAINER_MODE_TRUE='#'
MAKEINFO='${SHELL} /Users/jaumeolivepetrus/LuaOS/platform/esp8266/newlib/missing --run makeinfo'
MAY_SUPPLY_SYSCALLS_FALSE='#'
MAY_SUPPLY_SYSCALLS_TRUE=''
MKDIR_P='/usr/local/bin/gmkdir -p'
NEWLIB_CFLAGS=' -Os -mlongcalls -DREENTRANT_SYSCALLS_PROVIDED -DREENTRANT_SYSCALLS_PROVIDED -DHAVE_RENAME_R -DHAVE_GETTIMEOFDAY -DSIGNAL_PROVIDED -DABORT_PROVIDED -D__OPTIMIZE_SIZE__ -DHAVE_BLKSIZE -I. -fno-builtin'
NEWLIB_NANO_FORMATTED_IO_FALSE='#'
NEWLIB_NANO_FORMATTED_IO_TRUE=''
NEWLIB_NANO_MALLOC_FALSE='#'
NEWLIB_NANO_MALLOC_TRUE=''
NM=''
NMEDIT=''
NO_INCLUDE_LIST=' rpc/types.h rpc/xdr.h'
OBJDUMP=''
OBJEXT='o'
OTOOL64=''
OTOOL=''
PACKAGE='newlib'
PACKAGE_BUGREPORT=''
PACKAGE_NAME='newlib'
PACKAGE_STRING='newlib 2.2.0'
PACKAGE_TARNAME='newlib'
PACKAGE_URL=''
PACKAGE_VERSION='2.2.0'
PATH_SEPARATOR=':'
RANLIB='xtensa-lx106-elf-ranlib'
READELF='xtensa-lx106-elf-readelf'
SED='/usr/local/bin/sed'
SET_MAKE=''
SHELL='/bin/sh'
STRIP='xtensa-lx106-elf-strip'
USE_LIBTOOL_FALSE=''
USE_LIBTOOL_TRUE='#'
VERSION='2.2.0'
ac_ct_CC=''
ac_ct_DUMPBIN=''
aext='a'
am__EXEEXT_FALSE=''
am__EXEEXT_TRUE='#'
am__fastdepCC_FALSE='#'
am__fastdepCC_TRUE=''
am__include='include'
am__isrc=''
am__leading_dot='.'
am__nodep='_no'
am__quote=''
am__tar='$${TAR-tar} chof - "$$tardir"'
am__untar='$${TAR-tar} xf -'
bindir='${exec_prefix}/bin'
build='x86_64-apple-darwin15.5.0'
build_alias=''
build_cpu='x86_64'
build_os='darwin15.5.0'
build_vendor='apple'
datadir='${datarootdir}'
datarootdir='${prefix}/share'
docdir='${datarootdir}/doc/${PACKAGE_TARNAME}'
dvidir='${docdir}'
exec_prefix='/usr/local/xtensa-lx106-elf'
extra_dir=''
host='xtensa-lx106-elf'
host_alias='xtensa-lx106-elf'
host_cpu='xtensa'
host_os='elf'
host_vendor='lx106'
htmldir='${docdir}'
includedir='${prefix}/include'
infodir='${datarootdir}/info'
install_sh='${SHELL} /Users/jaumeolivepetrus/LuaOS/platform/esp8266/newlib/install-sh'
libdir='${exec_prefix}/lib'
libexecdir='${exec_prefix}/libexec'
libm_machine_dir='xtensa'
localedir='${datarootdir}/locale'
localstatedir='${prefix}/var'
lpfx='lib_a-'
machine_dir='xtensa'
mandir='${datarootdir}/man'
mkdir_p='/usr/local/bin/gmkdir -p'
newlib_basedir='./..'
oext='o'
oldincludedir='/usr/include'
pdfdir='${docdir}'
prefix='/usr/local'
program_transform_name='s,x,x,'
psdir='${docdir}'
sbindir='${exec_prefix}/sbin'
sharedstatedir='${prefix}/com'
subdirs=' machine sys'
sys_dir='xtensa'
sysconfdir='${prefix}/etc'
target_alias=''

## ----------- ##
## confdefs.h. ##
## ----------- ##

/* confdefs.h */
#define PACKAGE_NAME "newlib"
#define PACKAGE_TARNAME "newlib"
#define PACKAGE_VERSION "2.2.0"
#define PACKAGE_STRING "newlib 2.2.0"
#define PACKAGE_BUGREPORT ""
#define PACKAGE_URL ""

configure: exit 0
