This file contains any messages produced by compilers while
running configure, to aid debugging if configure makes a mistake.

It was created by newlib configure 1.19.0, which was
generated by GNU Autoconf 2.65.  Invocation command line was

  $ ./configure --disable-option-checking --prefix=/usr/local --host=mips-elf --exec-prefix=/usr/local/mips-gcc-4.8.1 --with-newlib --enable-multilib --disable-newlib-io-c99-formats --enable-newlib-supplied-syscalls --enable-target-optspace --enable-newlib-nano-malloc --enable-newlib-nano-formatted-io --enable-newlib-reent-small host_alias=mips-elf --cache-file=/dev/null --srcdir=.

## --------- ##
## Platform. ##
## --------- ##

hostname = MacBook-Pro-de-JAUME.local
uname -m = x86_64
uname -r = 15.5.0
uname -s = Darwin
uname -v = Darwin Kernel Version 15.5.0: Tue Apr 19 18:36:36 PDT 2016; root:xnu-3248.50.21~8/RELEASE_X86_64

/usr/bin/uname -p = i386
/bin/uname -X     = unknown

/bin/arch              = unknown
/usr/bin/arch -k       = unknown
/usr/convex/getsysinfo = unknown
/usr/bin/hostinfo      = Mach kernel version:
	 Darwin Kernel Version 15.5.0: Tue Apr 19 18:36:36 PDT 2016; root:xnu-3248.50.21~8/RELEASE_X86_64
Kernel configured for up to 4 processors.
2 processors are physically available.
4 processors are logically available.
Processor type: x86_64h (Intel x86-64h Haswell)
Processors active: 0 1 2 3
Primary memory available: 8.00 gigabytes
Default processor set: 242 tasks, 1066 threads, 4 processors
Load average: 2.36, Mach factor: 1.63
/bin/machine           = unknown
/usr/bin/oslevel       = unknown
/bin/universe          = unknown

PATH: /usr/local/mips-gcc-4.8.1/bin
PATH: /Users/jaumeolivepetrus/bin
PATH: /opt/local/bin
PATH: /opt/local/sbin
PATH: /usr/local/bin
PATH: /usr/bin
PATH: /bin
PATH: /usr/sbin
PATH: /sbin


## ----------- ##
## Core tests. ##
## ----------- ##

configure:1825: checking build system type
configure:1839: result: x86_64-apple-darwin15.5.0
configure:1859: checking host system type
configure:1872: result: mips-unknown-elf
configure:1908: checking for a BSD-compatible install
configure:1976: result: /usr/local/bin/ginstall -c
configure:1987: checking whether build environment is sane
configure:2037: result: yes
configure:2086: checking for mips-elf-strip
configure:2102: found /usr/local/mips-gcc-4.8.1/bin/mips-elf-strip
configure:2113: result: mips-elf-strip
configure:2178: checking for a thread-safe mkdir -p
configure:2217: result: /usr/local/bin/gmkdir -p
configure:2230: checking for gawk
configure:2246: found /usr/local/bin/gawk
configure:2257: result: gawk
configure:2268: checking whether make sets $(MAKE)
configure:2290: result: yes
configure:2320: checking for style of include used by make
configure:2348: result: GNU
configure:2557: checking for gcc
configure:2573: found /usr/local/mips-gcc-4.8.1/bin/gcc
configure:2584: result: gcc
configure:2595: checking dependency style of gcc
configure:2705: result: gcc3
configure:2778: checking whether we are using GNU C
configure:2789: gcc -E conftest.c
configure:2792: $? = 0
configure:2799: result: yes
configure:2808: checking whether gcc accepts -g
configure:2828: gcc -c -g  conftest.c >&5
configure:2828: $? = 0
configure: failed program was:
| /* confdefs.h */
| #define PACKAGE_NAME "newlib"
| #define PACKAGE_TARNAME "newlib"
| #define PACKAGE_VERSION "1.19.0"
| #define PACKAGE_STRING "newlib 1.19.0"
| #define PACKAGE_BUGREPORT "http://chipkit.org/forum"
| #define PACKAGE_URL "http://chipkit.org/forum"
| /* end confdefs.h.  */
| 
| int
| main ()
| {
| 
|   ;
|   return 0;
| }
configure:2843: gcc -c   conftest.c >&5
configure:2843: $? = 0
configure: failed program was:
| /* confdefs.h */
| #define PACKAGE_NAME "newlib"
| #define PACKAGE_TARNAME "newlib"
| #define PACKAGE_VERSION "1.19.0"
| #define PACKAGE_STRING "newlib 1.19.0"
| #define PACKAGE_BUGREPORT "http://chipkit.org/forum"
| #define PACKAGE_URL "http://chipkit.org/forum"
| /* end confdefs.h.  */
| 
| int
| main ()
| {
| 
|   ;
|   return 0;
| }
configure:2859: gcc -c -g  conftest.c >&5
configure:2859: $? = 0
configure: failed program was:
| /* confdefs.h */
| #define PACKAGE_NAME "newlib"
| #define PACKAGE_TARNAME "newlib"
| #define PACKAGE_VERSION "1.19.0"
| #define PACKAGE_STRING "newlib 1.19.0"
| #define PACKAGE_BUGREPORT "http://chipkit.org/forum"
| #define PACKAGE_URL "http://chipkit.org/forum"
| /* end confdefs.h.  */
| 
| int
| main ()
| {
| 
|   ;
|   return 0;
| }
configure:2869: result: no
configure:2902: checking for mips-elf-as
configure:2918: found /usr/local/mips-gcc-4.8.1/bin/mips-elf-as
configure:2929: result: mips-elf-as
configure:2994: checking for mips-elf-ar
configure:3010: found /usr/local/mips-gcc-4.8.1/bin/mips-elf-ar
configure:3021: result: mips-elf-ar
configure:3086: checking for mips-elf-ranlib
configure:3102: found /usr/local/mips-gcc-4.8.1/bin/mips-elf-ranlib
configure:3113: result: mips-elf-ranlib
configure:3178: checking for mips-elf-readelf
configure:3194: found /usr/local/mips-gcc-4.8.1/bin/mips-elf-readelf
configure:3205: result: mips-elf-readelf
configure:3274: checking whether to enable maintainer-specific portions of Makefiles
configure:3283: result: no
configure:3571: creating ./config.status

## ---------------------- ##
## Running config.status. ##
## ---------------------- ##

This file was extended by newlib config.status 1.19.0, which was
generated by GNU Autoconf 2.65.  Invocation command line was

  CONFIG_FILES    = 
  CONFIG_HEADERS  = 
  CONFIG_LINKS    = 
  CONFIG_COMMANDS = 
  $ ./config.status 

on MacBook-Pro-de-JAUME.local

config.status:804: creating Makefile
config.status:967: executing depfiles commands

## ---------------- ##
## Cache variables. ##
## ---------------- ##

ac_cv_build=x86_64-apple-darwin15.5.0
ac_cv_c_compiler_gnu=yes
ac_cv_env_CCASFLAGS_set=
ac_cv_env_CCASFLAGS_value=
ac_cv_env_CCAS_set=
ac_cv_env_CCAS_value=
ac_cv_env_build_alias_set=
ac_cv_env_build_alias_value=
ac_cv_env_host_alias_set=set
ac_cv_env_host_alias_value=mips-elf
ac_cv_env_target_alias_set=
ac_cv_env_target_alias_value=
ac_cv_host=mips-unknown-elf
ac_cv_path_install='/usr/local/bin/ginstall -c'
ac_cv_path_mkdir=/usr/local/bin/gmkdir
ac_cv_prog_AR=mips-elf-ar
ac_cv_prog_AS=mips-elf-as
ac_cv_prog_AWK=gawk
ac_cv_prog_CC=gcc
ac_cv_prog_RANLIB=mips-elf-ranlib
ac_cv_prog_READELF=mips-elf-readelf
ac_cv_prog_STRIP=mips-elf-strip
ac_cv_prog_cc_g=no
ac_cv_prog_make_make_set=yes
am_cv_CC_dependencies_compiler_type=gcc3

## ----------------- ##
## Output variables. ##
## ----------------- ##

ACLOCAL='${SHELL} /Users/jaumeolivepetrus/Lua-OSESP8266/platform/pic32mz/newlib/missing --run aclocal-1.11'
AMDEPBACKSLASH='\'
AMDEP_FALSE='#'
AMDEP_TRUE=''
AMTAR='${SHELL} /Users/jaumeolivepetrus/Lua-OSESP8266/platform/pic32mz/newlib/missing --run tar'
AR='mips-elf-ar'
AS='mips-elf-as'
AUTOCONF='${SHELL} /Users/jaumeolivepetrus/Lua-OSESP8266/platform/pic32mz/newlib/missing --run autoconf'
AUTOHEADER='${SHELL} /Users/jaumeolivepetrus/Lua-OSESP8266/platform/pic32mz/newlib/missing --run autoheader'
AUTOMAKE='${SHELL} /Users/jaumeolivepetrus/Lua-OSESP8266/platform/pic32mz/newlib/missing --run automake-1.11'
AWK='gawk'
CC='gcc'
CCAS='gcc'
CCASFLAGS='-O2'
CCDEPMODE='depmode=gcc3'
CYGPATH_W='echo'
DEFS='-DPACKAGE_NAME=\"newlib\" -DPACKAGE_TARNAME=\"newlib\" -DPACKAGE_VERSION=\"1.19.0\" -DPACKAGE_STRING=\"newlib\ 1.19.0\" -DPACKAGE_BUGREPORT=\"http://chipkit.org/forum\" -DPACKAGE_URL=\"http://chipkit.org/forum\"'
DEPDIR='.deps'
ECHO_C='\c'
ECHO_N=''
ECHO_T=''
ELIX_LEVEL_0_FALSE='#'
ELIX_LEVEL_0_TRUE=''
ELIX_LEVEL_1_FALSE=''
ELIX_LEVEL_1_TRUE='#'
ELIX_LEVEL_2_FALSE=''
ELIX_LEVEL_2_TRUE='#'
ELIX_LEVEL_3_FALSE=''
ELIX_LEVEL_3_TRUE='#'
ELIX_LEVEL_4_FALSE=''
ELIX_LEVEL_4_TRUE='#'
INSTALL_DATA='${INSTALL} -m 644'
INSTALL_PROGRAM='${INSTALL}'
INSTALL_SCRIPT='${INSTALL}'
INSTALL_STRIP_PROGRAM='$(install_sh) -c -s'
LDFLAGS=''
LIBOBJS=''
LIBS=''
LTLIBOBJS=''
MAINT='#'
MAINTAINER_MODE_FALSE=''
MAINTAINER_MODE_TRUE='#'
MAKEINFO='${SHELL} /Users/jaumeolivepetrus/Lua-OSESP8266/platform/pic32mz/newlib/missing --run makeinfo'
MAY_SUPPLY_SYSCALLS_FALSE='#'
MAY_SUPPLY_SYSCALLS_TRUE=''
MKDIR_P='/usr/local/bin/gmkdir -p'
NEWLIB_CFLAGS=' -Os -DREENTRANT_SYSCALLS_PROVIDED -DHAVE_RENAME_R -DHAVE_GETTIMEOFDAY -DSIGNAL_PROVIDED -DABORT_PROVIDED -D__OPTIMIZE_SIZE__ -DHAVE_BLKSIZE -mips32r2 -EL -mhard-float -fno-short-double -mfp64 -fno-builtin'
OBJEXT='o'
PACKAGE='newlib'
PACKAGE_BUGREPORT='http://chipkit.org/forum'
PACKAGE_NAME='newlib'
PACKAGE_STRING='newlib 1.19.0'
PACKAGE_TARNAME='newlib'
PACKAGE_URL='http://chipkit.org/forum'
PACKAGE_VERSION='1.19.0'
PATH_SEPARATOR=':'
RANLIB='mips-elf-ranlib'
READELF='mips-elf-readelf'
SET_MAKE=''
SHELL='/bin/sh'
STRIP='mips-elf-strip'
USE_LIBTOOL_FALSE=''
USE_LIBTOOL_TRUE='#'
VERSION='1.19.0'
aext='a'
am__fastdepCC_FALSE='#'
am__fastdepCC_TRUE=''
am__include='include'
am__isrc=''
am__leading_dot='.'
am__quote=''
am__tar='${AMTAR} chof - "$$tardir"'
am__untar='${AMTAR} xf -'
bindir='${exec_prefix}/bin'
build='x86_64-apple-darwin15.5.0'
build_alias=''
build_cpu='x86_64'
build_os='darwin15.5.0'
build_vendor='apple'
datadir='${datarootdir}'
datarootdir='${prefix}/share'
docdir='${datarootdir}/doc/${PACKAGE_TARNAME}'
dvidir='${docdir}'
exec_prefix='/usr/local/mips-gcc-4.8.1'
host='mips-unknown-elf'
host_alias='mips-elf'
host_cpu='mips'
host_os='elf'
host_vendor='unknown'
htmldir='${docdir}'
includedir='${prefix}/include'
infodir='${datarootdir}/info'
install_sh='${SHELL} /Users/jaumeolivepetrus/Lua-OSESP8266/platform/pic32mz/newlib/install-sh'
libdir='${exec_prefix}/lib'
libexecdir='${exec_prefix}/libexec'
libm_machine_dir=''
localedir='${datarootdir}/locale'
localstatedir='${prefix}/var'
lpfx='lib_a-'
machine_dir='mips'
mandir='${datarootdir}/man'
mkdir_p='/usr/local/bin/gmkdir -p'
newlib_basedir='./../../..'
oext='o'
oldincludedir='/usr/include'
pdfdir='${docdir}'
prefix='/usr/local'
program_transform_name='s,x,x,'
psdir='${docdir}'
sbindir='${exec_prefix}/sbin'
sharedstatedir='${prefix}/com'
sys_dir=''
sysconfdir='${prefix}/etc'
target_alias=''

## ----------- ##
## confdefs.h. ##
## ----------- ##

/* confdefs.h */
#define PACKAGE_NAME "newlib"
#define PACKAGE_TARNAME "newlib"
#define PACKAGE_VERSION "1.19.0"
#define PACKAGE_STRING "newlib 1.19.0"
#define PACKAGE_BUGREPORT "http://chipkit.org/forum"
#define PACKAGE_URL "http://chipkit.org/forum"

configure: exit 0
