This file contains any messages produced by compilers while
running configure, to aid debugging if configure makes a mistake.

It was created by newlib configure 1.19.0, which was
generated by GNU Autoconf 2.65.  Invocation command line was

  $ ./configure --disable-option-checking --prefix=/usr/local --host=mips-elf --exec-prefix=/usr/local/mips-gcc-4.8.1 --with-newlib --enable-multilib --disable-newlib-io-c99-formats --enable-newlib-supplied-syscalls --enable-target-optspace --enable-newlib-nano-malloc --enable-newlib-nano-formatted-io --enable-newlib-reent-small host_alias=mips-elf --cache-file=/dev/null --srcdir=.

## --------- ##
## Platform. ##
## --------- ##

hostname = MacBook-Pro-de-JAUME.local
uname -m = x86_64
uname -r = 15.5.0
uname -s = Darwin
uname -v = Darwin Kernel Version 15.5.0: Tue Apr 19 18:36:36 PDT 2016; root:xnu-3248.50.21~8/RELEASE_X86_64

/usr/bin/uname -p = i386
/bin/uname -X     = unknown

/bin/arch              = unknown
/usr/bin/arch -k       = unknown
/usr/convex/getsysinfo = unknown
/usr/bin/hostinfo      = Mach kernel version:
	 Darwin Kernel Version 15.5.0: Tue Apr 19 18:36:36 PDT 2016; root:xnu-3248.50.21~8/RELEASE_X86_64
Kernel configured for up to 4 processors.
2 processors are physically available.
4 processors are logically available.
Processor type: x86_64h (Intel x86-64h Haswell)
Processors active: 0 1 2 3
Primary memory available: 8.00 gigabytes
Default processor set: 241 tasks, 1065 threads, 4 processors
Load average: 2.31, Mach factor: 1.77
/bin/machine           = unknown
/usr/bin/oslevel       = unknown
/bin/universe          = unknown

PATH: /usr/local/mips-gcc-4.8.1/bin
PATH: /Users/jaumeolivepetrus/bin
PATH: /opt/local/bin
PATH: /opt/local/sbin
PATH: /usr/local/bin
PATH: /usr/bin
PATH: /bin
PATH: /usr/sbin
PATH: /sbin


## ----------- ##
## Core tests. ##
## ----------- ##

configure:2199: checking build system type
configure:2213: result: x86_64-apple-darwin15.5.0
configure:2233: checking host system type
configure:2246: result: mips-unknown-elf
configure:2282: checking for a BSD-compatible install
configure:2350: result: /usr/local/bin/ginstall -c
configure:2361: checking whether build environment is sane
configure:2411: result: yes
configure:2460: checking for mips-elf-strip
configure:2476: found /usr/local/mips-gcc-4.8.1/bin/mips-elf-strip
configure:2487: result: mips-elf-strip
configure:2552: checking for a thread-safe mkdir -p
configure:2591: result: /usr/local/bin/gmkdir -p
configure:2604: checking for gawk
configure:2620: found /usr/local/bin/gawk
configure:2631: result: gawk
configure:2642: checking whether make sets $(MAKE)
configure:2664: result: yes
configure:2694: checking for style of include used by make
configure:2722: result: GNU
configure:2931: checking for gcc
configure:2947: found /usr/local/mips-gcc-4.8.1/bin/gcc
configure:2958: result: gcc
configure:2969: checking dependency style of gcc
configure:3079: result: gcc3
configure:3152: checking whether we are using GNU C
configure:3163: gcc -E conftest.c
configure:3166: $? = 0
configure:3173: result: yes
configure:3182: checking whether gcc accepts -g
configure:3202: gcc -c -g  conftest.c >&5
configure:3202: $? = 0
configure: failed program was:
| /* confdefs.h */
| #define PACKAGE_NAME "newlib"
| #define PACKAGE_TARNAME "newlib"
| #define PACKAGE_VERSION "1.19.0"
| #define PACKAGE_STRING "newlib 1.19.0"
| #define PACKAGE_BUGREPORT ""
| #define PACKAGE_URL ""
| /* end confdefs.h.  */
| 
| int
| main ()
| {
| 
|   ;
|   return 0;
| }
configure:3217: gcc -c   conftest.c >&5
configure:3217: $? = 0
configure: failed program was:
| /* confdefs.h */
| #define PACKAGE_NAME "newlib"
| #define PACKAGE_TARNAME "newlib"
| #define PACKAGE_VERSION "1.19.0"
| #define PACKAGE_STRING "newlib 1.19.0"
| #define PACKAGE_BUGREPORT ""
| #define PACKAGE_URL ""
| /* end confdefs.h.  */
| 
| int
| main ()
| {
| 
|   ;
|   return 0;
| }
configure:3233: gcc -c -g  conftest.c >&5
configure:3233: $? = 0
configure: failed program was:
| /* confdefs.h */
| #define PACKAGE_NAME "newlib"
| #define PACKAGE_TARNAME "newlib"
| #define PACKAGE_VERSION "1.19.0"
| #define PACKAGE_STRING "newlib 1.19.0"
| #define PACKAGE_BUGREPORT ""
| #define PACKAGE_URL ""
| /* end confdefs.h.  */
| 
| int
| main ()
| {
| 
|   ;
|   return 0;
| }
configure:3243: result: no
configure:3276: checking for mips-elf-as
configure:3292: found /usr/local/mips-gcc-4.8.1/bin/mips-elf-as
configure:3303: result: mips-elf-as
configure:3368: checking for mips-elf-ar
configure:3384: found /usr/local/mips-gcc-4.8.1/bin/mips-elf-ar
configure:3395: result: mips-elf-ar
configure:3460: checking for mips-elf-ranlib
configure:3476: found /usr/local/mips-gcc-4.8.1/bin/mips-elf-ranlib
configure:3487: result: mips-elf-ranlib
configure:3552: checking for mips-elf-readelf
configure:3568: found /usr/local/mips-gcc-4.8.1/bin/mips-elf-readelf
configure:3579: result: mips-elf-readelf
configure:3648: checking whether to enable maintainer-specific portions of Makefiles
configure:3657: result: no
configure:3764: checking for a sed that does not truncate output
configure:3828: result: /usr/local/bin/sed
configure:3850: checking how to print strings
configure:3877: result: printf
configure:12099: creating ./config.status

## ---------------------- ##
## Running config.status. ##
## ---------------------- ##

This file was extended by newlib config.status 1.19.0, which was
generated by GNU Autoconf 2.65.  Invocation command line was

  CONFIG_FILES    = 
  CONFIG_HEADERS  = 
  CONFIG_LINKS    = 
  CONFIG_COMMANDS = 
  $ ./config.status 

on MacBook-Pro-de-JAUME.local

config.status:1019: creating Makefile
config.status:1182: executing depfiles commands
configure:14200: === configuring in mips (/Users/jaumeolivepetrus/Lua-OSESP8266/platform/pic32mz/newlib/newlib/libc/machine/mips)
configure:14263: running /bin/sh ./configure --disable-option-checking '--prefix=/usr/local'  '--host=mips-elf' '--exec-prefix=/usr/local/mips-gcc-4.8.1' '--with-newlib' '--enable-multilib' '--disable-newlib-io-c99-formats' '--enable-newlib-supplied-syscalls' '--enable-target-optspace' '--enable-newlib-nano-malloc' '--enable-newlib-nano-formatted-io' '--enable-newlib-reent-small' 'host_alias=mips-elf' --cache-file=/dev/null --srcdir=.

## ---------------- ##
## Cache variables. ##
## ---------------- ##

ac_cv_build=x86_64-apple-darwin15.5.0
ac_cv_c_compiler_gnu=yes
ac_cv_env_CCASFLAGS_set=
ac_cv_env_CCASFLAGS_value=
ac_cv_env_CCAS_set=
ac_cv_env_CCAS_value=
ac_cv_env_CC_set=
ac_cv_env_CC_value=
ac_cv_env_CFLAGS_set=
ac_cv_env_CFLAGS_value=
ac_cv_env_CPPFLAGS_set=
ac_cv_env_CPPFLAGS_value=
ac_cv_env_CPP_set=
ac_cv_env_CPP_value=
ac_cv_env_LDFLAGS_set=
ac_cv_env_LDFLAGS_value=
ac_cv_env_LIBS_set=
ac_cv_env_LIBS_value=
ac_cv_env_build_alias_set=
ac_cv_env_build_alias_value=
ac_cv_env_host_alias_set=set
ac_cv_env_host_alias_value=mips-elf
ac_cv_env_target_alias_set=
ac_cv_env_target_alias_value=
ac_cv_host=mips-unknown-elf
ac_cv_path_SED=/usr/local/bin/sed
ac_cv_path_install='/usr/local/bin/ginstall -c'
ac_cv_path_mkdir=/usr/local/bin/gmkdir
ac_cv_prog_AR=mips-elf-ar
ac_cv_prog_AS=mips-elf-as
ac_cv_prog_AWK=gawk
ac_cv_prog_CC=gcc
ac_cv_prog_RANLIB=mips-elf-ranlib
ac_cv_prog_READELF=mips-elf-readelf
ac_cv_prog_STRIP=mips-elf-strip
ac_cv_prog_cc_g=no
ac_cv_prog_make_make_set=yes
am_cv_CC_dependencies_compiler_type=gcc3

## ----------------- ##
## Output variables. ##
## ----------------- ##

ACLOCAL='${SHELL} /Users/jaumeolivepetrus/Lua-OSESP8266/platform/pic32mz/newlib/missing --run aclocal-1.11'
AMDEPBACKSLASH='\'
AMDEP_FALSE='#'
AMDEP_TRUE=''
AMTAR='${SHELL} /Users/jaumeolivepetrus/Lua-OSESP8266/platform/pic32mz/newlib/missing --run tar'
AR='mips-elf-ar'
AS='mips-elf-as'
AUTOCONF='${SHELL} /Users/jaumeolivepetrus/Lua-OSESP8266/platform/pic32mz/newlib/missing --run autoconf'
AUTOHEADER='${SHELL} /Users/jaumeolivepetrus/Lua-OSESP8266/platform/pic32mz/newlib/missing --run autoheader'
AUTOMAKE='${SHELL} /Users/jaumeolivepetrus/Lua-OSESP8266/platform/pic32mz/newlib/missing --run automake-1.11'
AWK='gawk'
CC='gcc'
CCAS='gcc'
CCASFLAGS='-O2'
CCDEPMODE='depmode=gcc3'
CFLAGS='-O2'
CPP=''
CPPFLAGS=''
CYGPATH_W='echo'
DEFS='-DPACKAGE_NAME=\"newlib\" -DPACKAGE_TARNAME=\"newlib\" -DPACKAGE_VERSION=\"1.19.0\" -DPACKAGE_STRING=\"newlib\ 1.19.0\" -DPACKAGE_BUGREPORT=\"\" -DPACKAGE_URL=\"\"'
DEPDIR='.deps'
DLLTOOL=''
DSYMUTIL=''
DUMPBIN=''
ECHO_C='\c'
ECHO_N=''
ECHO_T=''
EGREP=''
ELIX_LEVEL_0_FALSE='#'
ELIX_LEVEL_0_TRUE=''
ELIX_LEVEL_1_FALSE=''
ELIX_LEVEL_1_TRUE='#'
ELIX_LEVEL_2_FALSE=''
ELIX_LEVEL_2_TRUE='#'
ELIX_LEVEL_3_FALSE=''
ELIX_LEVEL_3_TRUE='#'
ELIX_LEVEL_4_FALSE=''
ELIX_LEVEL_4_TRUE='#'
EXEEXT=''
FGREP=''
GREP=''
HAVE_MACHINE_DIR_FALSE='#'
HAVE_MACHINE_DIR_TRUE=''
INSTALL_DATA='${INSTALL} -m 644'
INSTALL_PROGRAM='${INSTALL}'
INSTALL_SCRIPT='${INSTALL}'
INSTALL_STRIP_PROGRAM='$(install_sh) -c -s'
LD=''
LDFLAGS=''
LIBOBJS=''
LIBS=''
LIBTOOL=''
LIPO=''
LN_S=''
LTLIBOBJS=''
MAINT='#'
MAINTAINER_MODE_FALSE=''
MAINTAINER_MODE_TRUE='#'
MAKEINFO='${SHELL} /Users/jaumeolivepetrus/Lua-OSESP8266/platform/pic32mz/newlib/missing --run makeinfo'
MAY_SUPPLY_SYSCALLS_FALSE='#'
MAY_SUPPLY_SYSCALLS_TRUE=''
MKDIR_P='/usr/local/bin/gmkdir -p'
NEWLIB_CFLAGS=' -Os -DREENTRANT_SYSCALLS_PROVIDED -DHAVE_RENAME_R -DHAVE_GETTIMEOFDAY -DSIGNAL_PROVIDED -DABORT_PROVIDED -D__OPTIMIZE_SIZE__ -DHAVE_BLKSIZE -mips32r2 -EL -mhard-float -fno-short-double -mfp64 -fno-builtin'
NM=''
NMEDIT=''
OBJDUMP=''
OBJEXT='o'
OTOOL64=''
OTOOL=''
PACKAGE='newlib'
PACKAGE_BUGREPORT=''
PACKAGE_NAME='newlib'
PACKAGE_STRING='newlib 1.19.0'
PACKAGE_TARNAME='newlib'
PACKAGE_URL=''
PACKAGE_VERSION='1.19.0'
PATH_SEPARATOR=':'
RANLIB='mips-elf-ranlib'
READELF='mips-elf-readelf'
SED='/usr/local/bin/sed'
SET_MAKE=''
SHELL='/bin/sh'
STRIP='mips-elf-strip'
USE_LIBTOOL_FALSE=''
USE_LIBTOOL_TRUE='#'
VERSION='1.19.0'
ac_ct_CC=''
ac_ct_DUMPBIN=''
aext='a'
am__EXEEXT_FALSE=''
am__EXEEXT_TRUE='#'
am__fastdepCC_FALSE='#'
am__fastdepCC_TRUE=''
am__include='include'
am__isrc=''
am__leading_dot='.'
am__quote=''
am__tar='${AMTAR} chof - "$$tardir"'
am__untar='${AMTAR} xf -'
bindir='${exec_prefix}/bin'
build='x86_64-apple-darwin15.5.0'
build_alias=''
build_cpu='x86_64'
build_os='darwin15.5.0'
build_vendor='apple'
datadir='${datarootdir}'
datarootdir='${prefix}/share'
docdir='${datarootdir}/doc/${PACKAGE_TARNAME}'
dvidir='${docdir}'
exec_prefix='/usr/local/mips-gcc-4.8.1'
host='mips-unknown-elf'
host_alias='mips-elf'
host_cpu='mips'
host_os='elf'
host_vendor='unknown'
htmldir='${docdir}'
includedir='${prefix}/include'
infodir='${datarootdir}/info'
install_sh='${SHELL} /Users/jaumeolivepetrus/Lua-OSESP8266/platform/pic32mz/newlib/install-sh'
libdir='${exec_prefix}/lib'
libexecdir='${exec_prefix}/libexec'
libm_machine_dir=''
localedir='${datarootdir}/locale'
localstatedir='${prefix}/var'
lpfx='lib_a-'
machine_dir='mips'
mandir='${datarootdir}/man'
mkdir_p='/usr/local/bin/gmkdir -p'
newlib_basedir='./../..'
oext='o'
oldincludedir='/usr/include'
pdfdir='${docdir}'
prefix='/usr/local'
program_transform_name='s,x,x,'
psdir='${docdir}'
sbindir='${exec_prefix}/sbin'
sharedstatedir='${prefix}/com'
subdirs=' mips'
sys_dir=''
sysconfdir='${prefix}/etc'
target_alias=''

## ----------- ##
## confdefs.h. ##
## ----------- ##

/* confdefs.h */
#define PACKAGE_NAME "newlib"
#define PACKAGE_TARNAME "newlib"
#define PACKAGE_VERSION "1.19.0"
#define PACKAGE_STRING "newlib 1.19.0"
#define PACKAGE_BUGREPORT ""
#define PACKAGE_URL ""

configure: exit 0
